<?xml version="1.0" encoding="UTF-8"?>
<coverage generated="1680306632758" clover="3.2.0">
  <project timestamp="1680306632759" name="All files">
    <metrics statements="80" coveredstatements="71" conditionals="28" coveredconditionals="14" methods="24" coveredmethods="17" elements="132" coveredelements="102" complexity="0" loc="80" ncloc="80" packages="1" files="3" classes="3"/>
    <file name="BookCard.tsx" path="D:\rsReact\forms\reactForm-form\src\Components\BookCard.tsx">
      <metrics statements="18" coveredstatements="18" conditionals="5" coveredconditionals="5" methods="4" coveredmethods="4"/>
      <line num="1" count="2" type="stmt"/>
      <line num="22" count="2" type="stmt"/>
      <line num="23" count="14" type="stmt"/>
      <line num="24" count="14" type="stmt"/>
      <line num="26" count="14" type="stmt"/>
      <line num="27" count="6" type="stmt"/>
      <line num="28" count="6" type="stmt"/>
      <line num="30" count="6" type="stmt"/>
      <line num="31" count="4" type="stmt"/>
      <line num="32" count="4" type="stmt"/>
      <line num="34" count="4" type="cond" truecount="3" falsecount="0"/>
      <line num="35" count="4" type="stmt"/>
      <line num="36" count="4" type="stmt"/>
      <line num="40" count="6" type="stmt"/>
      <line num="41" count="6" type="stmt"/>
      <line num="44" count="14" type="stmt"/>
      <line num="47" count="4" type="stmt"/>
      <line num="59" count="2" type="stmt"/>
    </file>
    <file name="Forms.tsx" path="D:\rsReact\forms\reactForm-form\src\Components\Forms.tsx">
      <metrics statements="49" coveredstatements="41" conditionals="22" coveredconditionals="8" methods="15" coveredmethods="9"/>
      <line num="1" count="1" type="stmt"/>
      <line num="2" count="1" type="stmt"/>
      <line num="6" count="15" type="stmt"/>
      <line num="7" count="15" type="stmt"/>
      <line num="8" count="15" type="stmt"/>
      <line num="9" count="15" type="stmt"/>
      <line num="10" count="15" type="stmt"/>
      <line num="11" count="15" type="stmt"/>
      <line num="18" count="15" type="stmt"/>
      <line num="19" count="15" type="stmt"/>
      <line num="20" count="15" type="stmt"/>
      <line num="21" count="9" type="stmt"/>
      <line num="24" count="0" type="stmt"/>
      <line num="26" count="0" type="stmt"/>
      <line num="28" count="15" type="stmt"/>
      <line num="29" count="1" type="stmt"/>
      <line num="31" count="15" type="stmt"/>
      <line num="32" count="1" type="stmt"/>
      <line num="34" count="15" type="stmt"/>
      <line num="35" count="1" type="stmt"/>
      <line num="37" count="15" type="stmt"/>
      <line num="38" count="1" type="cond" truecount="1" falsecount="1"/>
      <line num="39" count="1" type="stmt"/>
      <line num="41" count="0" type="stmt"/>
      <line num="44" count="15" type="stmt"/>
      <line num="45" count="1" type="stmt"/>
      <line num="46" count="1" type="stmt"/>
      <line num="47" count="1" type="cond" truecount="1" falsecount="1"/>
      <line num="48" count="1" type="stmt"/>
      <line num="50" count="0" type="stmt"/>
      <line num="53" count="15" type="stmt"/>
      <line num="54" count="0" type="stmt"/>
      <line num="56" count="15" type="stmt"/>
      <line num="57" count="1" type="stmt"/>
      <line num="58" count="1" type="cond" truecount="1" falsecount="1"/>
      <line num="67" count="1" type="stmt"/>
      <line num="69" count="0" type="stmt"/>
      <line num="71" count="1" type="stmt"/>
      <line num="78" count="1" type="stmt"/>
      <line num="79" count="1" type="stmt"/>
      <line num="80" count="1" type="stmt"/>
      <line num="81" count="1" type="stmt"/>
      <line num="82" count="1" type="stmt"/>
      <line num="83" count="1" type="stmt"/>
      <line num="86" count="15" type="stmt"/>
      <line num="141" count="0" type="stmt"/>
      <line num="176" count="1" type="stmt"/>
      <line num="186" count="0" type="cond" truecount="0" falsecount="2"/>
      <line num="214" count="1" type="stmt"/>
    </file>
    <file name="SearchBar.tsx" path="D:\rsReact\forms\reactForm-form\src\Components\SearchBar.tsx">
      <metrics statements="13" coveredstatements="12" conditionals="1" coveredconditionals="1" methods="5" coveredmethods="4"/>
      <line num="1" count="1" type="stmt"/>
      <line num="2" count="1" type="stmt"/>
      <line num="3" count="1" type="stmt"/>
      <line num="22" count="1" type="stmt"/>
      <line num="23" count="6" type="stmt"/>
      <line num="24" count="6" type="stmt"/>
      <line num="27" count="1" type="cond" truecount="1" falsecount="0"/>
      <line num="28" count="1" type="stmt"/>
      <line num="32" count="1" type="stmt"/>
      <line num="33" count="0" type="stmt"/>
      <line num="37" count="6" type="stmt"/>
      <line num="45" count="2" type="stmt"/>
      <line num="58" count="1" type="stmt"/>
    </file>
  </project>
</coverage>
