<?xml version="1.0" encoding="UTF-8"?>
<coverage generated="1680372457370" clover="3.2.0">
  <project timestamp="1680372457370" name="All files">
    <metrics statements="80" coveredstatements="71" conditionals="28" coveredconditionals="14" methods="24" coveredmethods="17" elements="132" coveredelements="102" complexity="0" loc="80" ncloc="80" packages="1" files="3" classes="3"/>
    <file name="BookCard.tsx" path="D:\rsReact\reactForm\src\Components\BookCard.tsx">
      <metrics statements="18" coveredstatements="18" conditionals="5" coveredconditionals="5" methods="4" coveredmethods="4"/>
      <line num="1" count="2" type="stmt"/>
      <line num="21" count="2" type="stmt"/>
      <line num="22" count="14" type="stmt"/>
      <line num="23" count="14" type="stmt"/>
      <line num="25" count="14" type="stmt"/>
      <line num="26" count="6" type="stmt"/>
      <line num="27" count="6" type="stmt"/>
      <line num="29" count="6" type="stmt"/>
      <line num="30" count="4" type="stmt"/>
      <line num="31" count="4" type="stmt"/>
      <line num="33" count="4" type="cond" truecount="3" falsecount="0"/>
      <line num="34" count="4" type="stmt"/>
      <line num="35" count="4" type="stmt"/>
      <line num="39" count="6" type="stmt"/>
      <line num="40" count="6" type="stmt"/>
      <line num="43" count="14" type="stmt"/>
      <line num="46" count="4" type="stmt"/>
      <line num="58" count="2" type="stmt"/>
    </file>
    <file name="Forms.tsx" path="D:\rsReact\reactForm\src\Components\Forms.tsx">
      <metrics statements="49" coveredstatements="41" conditionals="22" coveredconditionals="8" methods="15" coveredmethods="9"/>
      <line num="1" count="1" type="stmt"/>
      <line num="2" count="1" type="stmt"/>
      <line num="6" count="15" type="stmt"/>
      <line num="7" count="15" type="stmt"/>
      <line num="8" count="15" type="stmt"/>
      <line num="9" count="15" type="stmt"/>
      <line num="10" count="15" type="stmt"/>
      <line num="11" count="15" type="stmt"/>
      <line num="20" count="15" type="stmt"/>
      <line num="21" count="15" type="stmt"/>
      <line num="22" count="15" type="stmt"/>
      <line num="23" count="9" type="stmt"/>
      <line num="26" count="0" type="stmt"/>
      <line num="28" count="0" type="stmt"/>
      <line num="30" count="15" type="stmt"/>
      <line num="31" count="1" type="stmt"/>
      <line num="33" count="15" type="stmt"/>
      <line num="34" count="1" type="stmt"/>
      <line num="36" count="15" type="stmt"/>
      <line num="37" count="1" type="stmt"/>
      <line num="39" count="15" type="stmt"/>
      <line num="40" count="1" type="cond" truecount="1" falsecount="1"/>
      <line num="41" count="1" type="stmt"/>
      <line num="43" count="0" type="stmt"/>
      <line num="46" count="15" type="stmt"/>
      <line num="47" count="1" type="stmt"/>
      <line num="48" count="1" type="stmt"/>
      <line num="49" count="1" type="cond" truecount="1" falsecount="1"/>
      <line num="50" count="1" type="stmt"/>
      <line num="52" count="0" type="stmt"/>
      <line num="55" count="15" type="stmt"/>
      <line num="56" count="0" type="stmt"/>
      <line num="58" count="15" type="stmt"/>
      <line num="59" count="1" type="stmt"/>
      <line num="60" count="1" type="cond" truecount="1" falsecount="1"/>
      <line num="69" count="1" type="stmt"/>
      <line num="71" count="0" type="stmt"/>
      <line num="73" count="1" type="stmt"/>
      <line num="80" count="1" type="stmt"/>
      <line num="81" count="1" type="stmt"/>
      <line num="82" count="1" type="stmt"/>
      <line num="83" count="1" type="stmt"/>
      <line num="84" count="1" type="stmt"/>
      <line num="85" count="1" type="stmt"/>
      <line num="88" count="15" type="stmt"/>
      <line num="139" count="0" type="stmt"/>
      <line num="174" count="1" type="stmt"/>
      <line num="186" count="0" type="stmt"/>
      <line num="216" count="1" type="stmt"/>
    </file>
    <file name="SearchBar.tsx" path="D:\rsReact\reactForm\src\Components\SearchBar.tsx">
      <metrics statements="13" coveredstatements="12" conditionals="1" coveredconditionals="1" methods="5" coveredmethods="4"/>
      <line num="1" count="1" type="stmt"/>
      <line num="2" count="1" type="stmt"/>
      <line num="3" count="1" type="stmt"/>
      <line num="21" count="1" type="stmt"/>
      <line num="22" count="6" type="stmt"/>
      <line num="23" count="6" type="stmt"/>
      <line num="26" count="1" type="cond" truecount="1" falsecount="0"/>
      <line num="27" count="1" type="stmt"/>
      <line num="31" count="1" type="stmt"/>
      <line num="32" count="0" type="stmt"/>
      <line num="36" count="6" type="stmt"/>
      <line num="44" count="2" type="stmt"/>
      <line num="57" count="1" type="stmt"/>
    </file>
  </project>
</coverage>
