{"D:\\rsReact\\forms\\reactForm-form\\src\\Components\\BookCard.tsx": {"path":"D:\\rsReact\\forms\\reactForm-form\\src\\Components\\BookCard.tsx","statementMap":{"0":{"start":{"line":1,"column":0},"end":{"line":1,"column":51}},"1":{"start":{"line":22,"column":34},"end":{"line":57,"column":1}},"2":{"start":{"line":23,"column":38},"end":{"line":23,"column":60}},"3":{"start":{"line":24,"column":30},"end":{"line":24,"column":52}},"4":{"start":{"line":26,"column":2},"end":{"line":42,"column":14}},"5":{"start":{"line":27,"column":36},"end":{"line":27,"column":38}},"6":{"start":{"line":28,"column":32},"end":{"line":28,"column":34}},"7":{"start":{"line":30,"column":4},"end":{"line":38,"column":7}},"8":{"start":{"line":31,"column":24},"end":{"line":31,"column":66}},"9":{"start":{"line":32,"column":20},"end":{"line":32,"column":51}},"10":{"start":{"line":34,"column":6},"end":{"line":37,"column":null}},"11":{"start":{"line":35,"column":8},"end":{"line":35,"column":38}},"12":{"start":{"line":36,"column":8},"end":{"line":36,"column":30}},"13":{"start":{"line":40,"column":4},"end":{"line":40,"column":33}},"14":{"start":{"line":41,"column":4},"end":{"line":41,"column":25}},"15":{"start":{"line":44,"column":2},"end":{"line":56,"column":4}},"16":{"start":{"line":47,"column":8},"end":{"line":47,"column":49}},"17":{"start":{"line":59,"column":0},"end":{"line":59,"column":24}}},"fnMap":{"0":{"name":"(anonymous_0)","decl":{"start":{"line":22,"column":34},"end":{"line":22,"column":35}},"loc":{"start":{"line":22,"column":48},"end":{"line":57,"column":1}}},"1":{"name":"(anonymous_1)","decl":{"start":{"line":26,"column":12},"end":{"line":26,"column":15}},"loc":{"start":{"line":26,"column":17},"end":{"line":42,"column":3}}},"2":{"name":"(anonymous_2)","decl":{"start":{"line":30,"column":18},"end":{"line":30,"column":19}},"loc":{"start":{"line":30,"column":27},"end":{"line":38,"column":5}}},"3":{"name":"(anonymous_3)","decl":{"start":{"line":46,"column":22},"end":{"line":46,"column":23}},"loc":{"start":{"line":47,"column":8},"end":{"line":47,"column":49}}}},"branchMap":{"0":{"loc":{"start":{"line":34,"column":6},"end":{"line":37,"column":null}},"type":"if","locations":[{"start":{"line":34,"column":6},"end":{"line":37,"column":null}}]},"1":{"loc":{"start":{"line":34,"column":10},"end":{"line":34,"column":28}},"type":"binary-expr","locations":[{"start":{"line":34,"column":10},"end":{"line":34,"column":19}},{"start":{"line":34,"column":23},"end":{"line":34,"column":28}}]},"2":{"loc":{"start":{"line":51,"column":13},"end":{"line":51,"column":85}},"type":"binary-expr","locations":[{"start":{"line":51,"column":13},"end":{"line":51,"column":26}},{"start":{"line":51,"column":30},"end":{"line":51,"column":85}}]}},"s":{"0":2,"1":2,"2":14,"3":14,"4":14,"5":6,"6":6,"7":6,"8":4,"9":4,"10":4,"11":4,"12":4,"13":6,"14":6,"15":14,"16":4,"17":2},"f":{"0":14,"1":6,"2":4,"3":4},"b":{"0":[4],"1":[4,4],"2":[4,4]}}
,"D:\\rsReact\\forms\\reactForm-form\\src\\Components\\Forms.tsx": {"path":"D:\\rsReact\\forms\\reactForm-form\\src\\Components\\Forms.tsx","statementMap":{"0":{"start":{"line":1,"column":0},"end":{"line":1,"column":64}},"1":{"start":{"line":2,"column":0},"end":{"line":2,"column":26}},"2":{"start":{"line":6,"column":28},"end":{"line":6,"column":40}},"3":{"start":{"line":7,"column":28},"end":{"line":7,"column":40}},"4":{"start":{"line":8,"column":40},"end":{"line":8,"column":62}},"5":{"start":{"line":9,"column":28},"end":{"line":9,"column":55}},"6":{"start":{"line":10,"column":48},"end":{"line":10,"column":60}},"7":{"start":{"line":11,"column":30},"end":{"line":17,"column":9}},"8":{"start":{"line":18,"column":38},"end":{"line":18,"column":61}},"9":{"start":{"line":19,"column":50},"end":{"line":19,"column":62}},"10":{"start":{"line":20,"column":4},"end":{"line":27,"column":11}},"11":{"start":{"line":21,"column":6},"end":{"line":26,"column":46}},"12":{"start":{"line":24,"column":10},"end":{"line":24,"column":38}},"13":{"start":{"line":26,"column":26},"end":{"line":26,"column":44}},"14":{"start":{"line":28,"column":31},"end":{"line":30,"column":5}},"15":{"start":{"line":29,"column":8},"end":{"line":29,"column":46}},"16":{"start":{"line":31,"column":29},"end":{"line":33,"column":5}},"17":{"start":{"line":32,"column":8},"end":{"line":32,"column":36}},"18":{"start":{"line":34,"column":29},"end":{"line":36,"column":5}},"19":{"start":{"line":35,"column":8},"end":{"line":35,"column":36}},"20":{"start":{"line":37,"column":29},"end":{"line":43,"column":5}},"21":{"start":{"line":38,"column":8},"end":{"line":42,"column":null}},"22":{"start":{"line":39,"column":10},"end":{"line":39,"column":41}},"23":{"start":{"line":41,"column":10},"end":{"line":41,"column":24}},"24":{"start":{"line":44,"column":33},"end":{"line":52,"column":5}},"25":{"start":{"line":45,"column":30},"end":{"line":45,"column":48}},"26":{"start":{"line":46,"column":35},"end":{"line":46,"column":55}},"27":{"start":{"line":47,"column":8},"end":{"line":51,"column":null}},"28":{"start":{"line":48,"column":10},"end":{"line":48,"column":59}},"29":{"start":{"line":50,"column":10},"end":{"line":50,"column":69}},"30":{"start":{"line":50,"column":52},"end":{"line":50,"column":66}},"31":{"start":{"line":53,"column":32},"end":{"line":55,"column":7}},"32":{"start":{"line":54,"column":8},"end":{"line":54,"column":47}},"33":{"start":{"line":56,"column":27},"end":{"line":84,"column":7}},"34":{"start":{"line":57,"column":8},"end":{"line":57,"column":31}},"35":{"start":{"line":58,"column":8},"end":{"line":70,"column":null}},"36":{"start":{"line":67,"column":10},"end":{"line":67,"column":53}},"37":{"start":{"line":69,"column":10},"end":{"line":69,"column":51}},"38":{"start":{"line":71,"column":24},"end":{"line":77,"column":10}},"39":{"start":{"line":78,"column":8},"end":{"line":78,"column":38}},"40":{"start":{"line":79,"column":8},"end":{"line":79,"column":20}},"41":{"start":{"line":80,"column":8},"end":{"line":80,"column":20}},"42":{"start":{"line":81,"column":8},"end":{"line":81,"column":30}},"43":{"start":{"line":82,"column":8},"end":{"line":82,"column":26}},"44":{"start":{"line":83,"column":8},"end":{"line":83,"column":22}},"45":{"start":{"line":86,"column":4},"end":{"line":212,"column":8}},"46":{"start":{"line":141,"column":20},"end":{"line":141,"column":54}},"47":{"start":{"line":176,"column":18},"end":{"line":176,"column":null}},"48":{"start":{"line":186,"column":82},"end":{"line":186,"column":121}},"49":{"start":{"line":214,"column":4},"end":{"line":214,"column":25}}},"fnMap":{"0":{"name":"Forms","decl":{"start":{"line":5,"column":9},"end":{"line":5,"column":14}},"loc":{"start":{"line":5,"column":14},"end":{"line":213,"column":5}}},"1":{"name":"(anonymous_1)","decl":{"start":{"line":20,"column":14},"end":{"line":20,"column":17}},"loc":{"start":{"line":20,"column":19},"end":{"line":27,"column":5}}},"2":{"name":"(anonymous_2)","decl":{"start":{"line":23,"column":14},"end":{"line":23,"column":15}},"loc":{"start":{"line":23,"column":27},"end":{"line":25,"column":9}}},"3":{"name":"(anonymous_3)","decl":{"start":{"line":26,"column":15},"end":{"line":26,"column":16}},"loc":{"start":{"line":26,"column":26},"end":{"line":26,"column":44}}},"4":{"name":"(anonymous_4)","decl":{"start":{"line":28,"column":31},"end":{"line":28,"column":32}},"loc":{"start":{"line":28,"column":72},"end":{"line":30,"column":5}}},"5":{"name":"(anonymous_5)","decl":{"start":{"line":31,"column":29},"end":{"line":31,"column":30}},"loc":{"start":{"line":31,"column":70},"end":{"line":33,"column":5}}},"6":{"name":"(anonymous_6)","decl":{"start":{"line":34,"column":29},"end":{"line":34,"column":30}},"loc":{"start":{"line":34,"column":76},"end":{"line":36,"column":5}}},"7":{"name":"(anonymous_7)","decl":{"start":{"line":37,"column":29},"end":{"line":37,"column":30}},"loc":{"start":{"line":37,"column":77},"end":{"line":43,"column":5}}},"8":{"name":"(anonymous_8)","decl":{"start":{"line":44,"column":33},"end":{"line":44,"column":34}},"loc":{"start":{"line":44,"column":74},"end":{"line":52,"column":5}}},"9":{"name":"(anonymous_9)","decl":{"start":{"line":50,"column":42},"end":{"line":50,"column":43}},"loc":{"start":{"line":50,"column":52},"end":{"line":50,"column":66}}},"10":{"name":"(anonymous_10)","decl":{"start":{"line":53,"column":32},"end":{"line":53,"column":33}},"loc":{"start":{"line":53,"column":80},"end":{"line":55,"column":7}}},"11":{"name":"(anonymous_11)","decl":{"start":{"line":56,"column":27},"end":{"line":56,"column":28}},"loc":{"start":{"line":56,"column":71},"end":{"line":84,"column":7}}},"12":{"name":"(anonymous_12)","decl":{"start":{"line":140,"column":33},"end":{"line":140,"column":34}},"loc":{"start":{"line":141,"column":20},"end":{"line":141,"column":54}}},"13":{"name":"(anonymous_13)","decl":{"start":{"line":175,"column":27},"end":{"line":175,"column":28}},"loc":{"start":{"line":176,"column":18},"end":{"line":176,"column":null}}},"14":{"name":"(anonymous_14)","decl":{"start":{"line":186,"column":71},"end":{"line":186,"column":78}},"loc":{"start":{"line":186,"column":82},"end":{"line":186,"column":121}}}},"branchMap":{"0":{"loc":{"start":{"line":38,"column":8},"end":{"line":42,"column":null}},"type":"if","locations":[{"start":{"line":38,"column":8},"end":{"line":42,"column":null}},{"start":{"line":40,"column":15},"end":{"line":42,"column":null}}]},"1":{"loc":{"start":{"line":47,"column":8},"end":{"line":51,"column":null}},"type":"if","locations":[{"start":{"line":47,"column":8},"end":{"line":51,"column":null}},{"start":{"line":49,"column":15},"end":{"line":51,"column":null}}]},"2":{"loc":{"start":{"line":58,"column":8},"end":{"line":70,"column":null}},"type":"if","locations":[{"start":{"line":58,"column":8},"end":{"line":70,"column":null}},{"start":{"line":68,"column":15},"end":{"line":70,"column":null}}]},"3":{"loc":{"start":{"line":59,"column":10},"end":{"line":65,"column":54}},"type":"binary-expr","locations":[{"start":{"line":59,"column":10},"end":{"line":59,"column":15}},{"start":{"line":60,"column":10},"end":{"line":60,"column":15}},{"start":{"line":61,"column":10},"end":{"line":61,"column":25}},{"start":{"line":62,"column":10},"end":{"line":62,"column":15}},{"start":{"line":63,"column":10},"end":{"line":63,"column":26}},{"start":{"line":64,"column":10},"end":{"line":64,"column":33}},{"start":{"line":65,"column":11},"end":{"line":65,"column":26}},{"start":{"line":65,"column":30},"end":{"line":65,"column":53}}]},"4":{"loc":{"start":{"line":172,"column":13},"end":{"line":208,"column":null}},"type":"cond-expr","locations":[{"start":{"line":173,"column":14},"end":{"line":202,"column":null}},{"start":{"line":205,"column":14},"end":{"line":207,"column":null}}]},"5":{"loc":{"start":{"line":183,"column":23},"end":{"line":188,"column":null}},"type":"binary-expr","locations":[{"start":{"line":183,"column":23},"end":{"line":183,"column":38}},{"start":{"line":184,"column":24},"end":{"line":187,"column":null}}]},"6":{"loc":{"start":{"line":186,"column":38},"end":{"line":186,"column":140}},"type":"cond-expr","locations":[{"start":{"line":186,"column":56},"end":{"line":186,"column":135}},{"start":{"line":186,"column":138},"end":{"line":186,"column":140}}]},"7":{"loc":{"start":{"line":190,"column":23},"end":{"line":198,"column":null}},"type":"binary-expr","locations":[{"start":{"line":190,"column":23},"end":{"line":190,"column":32}},{"start":{"line":191,"column":24},"end":{"line":197,"column":null}}]}},"s":{"0":1,"1":1,"2":15,"3":15,"4":15,"5":15,"6":15,"7":15,"8":15,"9":15,"10":15,"11":9,"12":0,"13":0,"14":15,"15":1,"16":15,"17":1,"18":15,"19":1,"20":15,"21":1,"22":1,"23":0,"24":15,"25":1,"26":1,"27":1,"28":1,"29":0,"30":0,"31":15,"32":0,"33":15,"34":1,"35":1,"36":1,"37":0,"38":1,"39":1,"40":1,"41":1,"42":1,"43":1,"44":1,"45":15,"46":0,"47":1,"48":0,"49":1},"f":{"0":15,"1":9,"2":0,"3":0,"4":1,"5":1,"6":1,"7":1,"8":1,"9":0,"10":0,"11":1,"12":0,"13":1,"14":0},"b":{"0":[1,0],"1":[1,0],"2":[1,0],"3":[1,0,0,0,0,0,0,0],"4":[1,14],"5":[1,0],"6":[0,0],"7":[1,0]}}
,"D:\\rsReact\\forms\\reactForm-form\\src\\Components\\SearchBar.tsx": {"path":"D:\\rsReact\\forms\\reactForm-form\\src\\Components\\SearchBar.tsx","statementMap":{"0":{"start":{"line":1,"column":0},"end":{"line":1,"column":40}},"1":{"start":{"line":2,"column":0},"end":{"line":2,"column":46}},"2":{"start":{"line":3,"column":0},"end":{"line":3,"column":26}},"3":{"start":{"line":22,"column":28},"end":{"line":56,"column":1}},"4":{"start":{"line":23,"column":30},"end":{"line":23,"column":42}},"5":{"start":{"line":24,"column":34},"end":{"line":24,"column":54}},"6":{"start":{"line":27,"column":4},"end":{"line":34,"column":null}},"7":{"start":{"line":28,"column":6},"end":{"line":33,"column":42}},"8":{"start":{"line":32,"column":23},"end":{"line":32,"column":50}},"9":{"start":{"line":33,"column":24},"end":{"line":33,"column":40}},"10":{"start":{"line":37,"column":2},"end":{"line":55,"column":4}},"11":{"start":{"line":45,"column":29},"end":{"line":45,"column":54}},"12":{"start":{"line":58,"column":0},"end":{"line":58,"column":25}}},"fnMap":{"0":{"name":"(anonymous_0)","decl":{"start":{"line":22,"column":28},"end":{"line":22,"column":31}},"loc":{"start":{"line":22,"column":33},"end":{"line":56,"column":1}}},"1":{"name":"searchBook","decl":{"start":{"line":26,"column":11},"end":{"line":26,"column":21}},"loc":{"start":{"line":26,"column":66},"end":{"line":35,"column":3}}},"2":{"name":"(anonymous_2)","decl":{"start":{"line":32,"column":14},"end":{"line":32,"column":15}},"loc":{"start":{"line":32,"column":23},"end":{"line":32,"column":50}}},"3":{"name":"(anonymous_3)","decl":{"start":{"line":33,"column":15},"end":{"line":33,"column":16}},"loc":{"start":{"line":33,"column":24},"end":{"line":33,"column":40}}},"4":{"name":"(anonymous_4)","decl":{"start":{"line":45,"column":22},"end":{"line":45,"column":23}},"loc":{"start":{"line":45,"column":29},"end":{"line":45,"column":54}}}},"branchMap":{"0":{"loc":{"start":{"line":27,"column":4},"end":{"line":34,"column":null}},"type":"if","locations":[{"start":{"line":27,"column":4},"end":{"line":34,"column":null}}]}},"s":{"0":1,"1":1,"2":1,"3":1,"4":6,"5":6,"6":1,"7":1,"8":1,"9":0,"10":6,"11":2,"12":1},"f":{"0":6,"1":1,"2":1,"3":0,"4":2},"b":{"0":[1]}}
}
