{"D:\\rsReact\\reactForm\\src\\Components\\BookCard.tsx": {"path":"D:\\rsReact\\reactForm\\src\\Components\\BookCard.tsx","statementMap":{"0":{"start":{"line":1,"column":0},"end":{"line":1,"column":51}},"1":{"start":{"line":21,"column":34},"end":{"line":56,"column":1}},"2":{"start":{"line":22,"column":38},"end":{"line":22,"column":60}},"3":{"start":{"line":23,"column":30},"end":{"line":23,"column":52}},"4":{"start":{"line":25,"column":2},"end":{"line":41,"column":14}},"5":{"start":{"line":26,"column":36},"end":{"line":26,"column":38}},"6":{"start":{"line":27,"column":32},"end":{"line":27,"column":34}},"7":{"start":{"line":29,"column":4},"end":{"line":37,"column":7}},"8":{"start":{"line":30,"column":24},"end":{"line":30,"column":66}},"9":{"start":{"line":31,"column":20},"end":{"line":31,"column":51}},"10":{"start":{"line":33,"column":6},"end":{"line":36,"column":null}},"11":{"start":{"line":34,"column":8},"end":{"line":34,"column":38}},"12":{"start":{"line":35,"column":8},"end":{"line":35,"column":30}},"13":{"start":{"line":39,"column":4},"end":{"line":39,"column":33}},"14":{"start":{"line":40,"column":4},"end":{"line":40,"column":25}},"15":{"start":{"line":43,"column":2},"end":{"line":55,"column":4}},"16":{"start":{"line":46,"column":8},"end":{"line":46,"column":49}},"17":{"start":{"line":58,"column":0},"end":{"line":58,"column":24}}},"fnMap":{"0":{"name":"(anonymous_0)","decl":{"start":{"line":21,"column":34},"end":{"line":21,"column":35}},"loc":{"start":{"line":21,"column":48},"end":{"line":56,"column":1}}},"1":{"name":"(anonymous_1)","decl":{"start":{"line":25,"column":12},"end":{"line":25,"column":15}},"loc":{"start":{"line":25,"column":17},"end":{"line":41,"column":3}}},"2":{"name":"(anonymous_2)","decl":{"start":{"line":29,"column":18},"end":{"line":29,"column":19}},"loc":{"start":{"line":29,"column":27},"end":{"line":37,"column":5}}},"3":{"name":"(anonymous_3)","decl":{"start":{"line":45,"column":22},"end":{"line":45,"column":23}},"loc":{"start":{"line":46,"column":8},"end":{"line":46,"column":49}}}},"branchMap":{"0":{"loc":{"start":{"line":33,"column":6},"end":{"line":36,"column":null}},"type":"if","locations":[{"start":{"line":33,"column":6},"end":{"line":36,"column":null}}]},"1":{"loc":{"start":{"line":33,"column":10},"end":{"line":33,"column":28}},"type":"binary-expr","locations":[{"start":{"line":33,"column":10},"end":{"line":33,"column":19}},{"start":{"line":33,"column":23},"end":{"line":33,"column":28}}]},"2":{"loc":{"start":{"line":50,"column":13},"end":{"line":50,"column":85}},"type":"binary-expr","locations":[{"start":{"line":50,"column":13},"end":{"line":50,"column":26}},{"start":{"line":50,"column":30},"end":{"line":50,"column":85}}]}},"s":{"0":2,"1":2,"2":14,"3":14,"4":14,"5":6,"6":6,"7":6,"8":4,"9":4,"10":4,"11":4,"12":4,"13":6,"14":6,"15":14,"16":4,"17":2},"f":{"0":14,"1":6,"2":4,"3":4},"b":{"0":[4],"1":[4,4],"2":[4,4]}}
,"D:\\rsReact\\reactForm\\src\\Components\\Forms.tsx": {"path":"D:\\rsReact\\reactForm\\src\\Components\\Forms.tsx","statementMap":{"0":{"start":{"line":1,"column":0},"end":{"line":1,"column":64}},"1":{"start":{"line":2,"column":0},"end":{"line":2,"column":26}},"2":{"start":{"line":6,"column":26},"end":{"line":6,"column":38}},"3":{"start":{"line":7,"column":26},"end":{"line":7,"column":38}},"4":{"start":{"line":8,"column":38},"end":{"line":8,"column":60}},"5":{"start":{"line":9,"column":26},"end":{"line":9,"column":53}},"6":{"start":{"line":10,"column":46},"end":{"line":10,"column":58}},"7":{"start":{"line":11,"column":28},"end":{"line":19,"column":7}},"8":{"start":{"line":20,"column":36},"end":{"line":20,"column":59}},"9":{"start":{"line":21,"column":48},"end":{"line":21,"column":60}},"10":{"start":{"line":22,"column":2},"end":{"line":29,"column":9}},"11":{"start":{"line":23,"column":4},"end":{"line":28,"column":44}},"12":{"start":{"line":26,"column":8},"end":{"line":26,"column":36}},"13":{"start":{"line":28,"column":24},"end":{"line":28,"column":42}},"14":{"start":{"line":30,"column":29},"end":{"line":32,"column":3}},"15":{"start":{"line":31,"column":4},"end":{"line":31,"column":42}},"16":{"start":{"line":33,"column":27},"end":{"line":35,"column":3}},"17":{"start":{"line":34,"column":4},"end":{"line":34,"column":32}},"18":{"start":{"line":36,"column":27},"end":{"line":38,"column":3}},"19":{"start":{"line":37,"column":4},"end":{"line":37,"column":32}},"20":{"start":{"line":39,"column":27},"end":{"line":45,"column":3}},"21":{"start":{"line":40,"column":4},"end":{"line":44,"column":null}},"22":{"start":{"line":41,"column":6},"end":{"line":41,"column":37}},"23":{"start":{"line":43,"column":6},"end":{"line":43,"column":20}},"24":{"start":{"line":46,"column":31},"end":{"line":54,"column":3}},"25":{"start":{"line":47,"column":26},"end":{"line":47,"column":44}},"26":{"start":{"line":48,"column":31},"end":{"line":48,"column":51}},"27":{"start":{"line":49,"column":4},"end":{"line":53,"column":null}},"28":{"start":{"line":50,"column":6},"end":{"line":50,"column":55}},"29":{"start":{"line":52,"column":6},"end":{"line":52,"column":65}},"30":{"start":{"line":52,"column":48},"end":{"line":52,"column":62}},"31":{"start":{"line":55,"column":30},"end":{"line":57,"column":3}},"32":{"start":{"line":56,"column":4},"end":{"line":56,"column":43}},"33":{"start":{"line":58,"column":23},"end":{"line":86,"column":3}},"34":{"start":{"line":59,"column":4},"end":{"line":59,"column":27}},"35":{"start":{"line":60,"column":4},"end":{"line":72,"column":null}},"36":{"start":{"line":69,"column":6},"end":{"line":69,"column":49}},"37":{"start":{"line":71,"column":6},"end":{"line":71,"column":47}},"38":{"start":{"line":73,"column":20},"end":{"line":79,"column":6}},"39":{"start":{"line":80,"column":4},"end":{"line":80,"column":34}},"40":{"start":{"line":81,"column":4},"end":{"line":81,"column":16}},"41":{"start":{"line":82,"column":4},"end":{"line":82,"column":16}},"42":{"start":{"line":83,"column":4},"end":{"line":83,"column":26}},"43":{"start":{"line":84,"column":4},"end":{"line":84,"column":22}},"44":{"start":{"line":85,"column":4},"end":{"line":85,"column":18}},"45":{"start":{"line":88,"column":2},"end":{"line":214,"column":4}},"46":{"start":{"line":139,"column":16},"end":{"line":139,"column":50}},"47":{"start":{"line":174,"column":14},"end":{"line":174,"column":null}},"48":{"start":{"line":186,"column":56},"end":{"line":186,"column":95}},"49":{"start":{"line":216,"column":0},"end":{"line":216,"column":21}}},"fnMap":{"0":{"name":"Forms","decl":{"start":{"line":5,"column":9},"end":{"line":5,"column":14}},"loc":{"start":{"line":5,"column":14},"end":{"line":215,"column":1}}},"1":{"name":"(anonymous_1)","decl":{"start":{"line":22,"column":12},"end":{"line":22,"column":15}},"loc":{"start":{"line":22,"column":17},"end":{"line":29,"column":3}}},"2":{"name":"(anonymous_2)","decl":{"start":{"line":25,"column":12},"end":{"line":25,"column":13}},"loc":{"start":{"line":25,"column":25},"end":{"line":27,"column":7}}},"3":{"name":"(anonymous_3)","decl":{"start":{"line":28,"column":13},"end":{"line":28,"column":14}},"loc":{"start":{"line":28,"column":24},"end":{"line":28,"column":42}}},"4":{"name":"(anonymous_4)","decl":{"start":{"line":30,"column":29},"end":{"line":30,"column":30}},"loc":{"start":{"line":30,"column":70},"end":{"line":32,"column":3}}},"5":{"name":"(anonymous_5)","decl":{"start":{"line":33,"column":27},"end":{"line":33,"column":28}},"loc":{"start":{"line":33,"column":68},"end":{"line":35,"column":3}}},"6":{"name":"(anonymous_6)","decl":{"start":{"line":36,"column":27},"end":{"line":36,"column":28}},"loc":{"start":{"line":36,"column":74},"end":{"line":38,"column":3}}},"7":{"name":"(anonymous_7)","decl":{"start":{"line":39,"column":27},"end":{"line":39,"column":28}},"loc":{"start":{"line":39,"column":75},"end":{"line":45,"column":3}}},"8":{"name":"(anonymous_8)","decl":{"start":{"line":46,"column":31},"end":{"line":46,"column":32}},"loc":{"start":{"line":46,"column":72},"end":{"line":54,"column":3}}},"9":{"name":"(anonymous_9)","decl":{"start":{"line":52,"column":38},"end":{"line":52,"column":39}},"loc":{"start":{"line":52,"column":48},"end":{"line":52,"column":62}}},"10":{"name":"(anonymous_10)","decl":{"start":{"line":55,"column":30},"end":{"line":55,"column":31}},"loc":{"start":{"line":55,"column":78},"end":{"line":57,"column":3}}},"11":{"name":"(anonymous_11)","decl":{"start":{"line":58,"column":23},"end":{"line":58,"column":24}},"loc":{"start":{"line":58,"column":67},"end":{"line":86,"column":3}}},"12":{"name":"(anonymous_12)","decl":{"start":{"line":138,"column":29},"end":{"line":138,"column":30}},"loc":{"start":{"line":139,"column":16},"end":{"line":139,"column":50}}},"13":{"name":"(anonymous_13)","decl":{"start":{"line":173,"column":23},"end":{"line":173,"column":24}},"loc":{"start":{"line":174,"column":14},"end":{"line":174,"column":null}}},"14":{"name":"(anonymous_14)","decl":{"start":{"line":186,"column":43},"end":{"line":186,"column":44}},"loc":{"start":{"line":186,"column":56},"end":{"line":186,"column":95}}}},"branchMap":{"0":{"loc":{"start":{"line":40,"column":4},"end":{"line":44,"column":null}},"type":"if","locations":[{"start":{"line":40,"column":4},"end":{"line":44,"column":null}},{"start":{"line":42,"column":11},"end":{"line":44,"column":null}}]},"1":{"loc":{"start":{"line":49,"column":4},"end":{"line":53,"column":null}},"type":"if","locations":[{"start":{"line":49,"column":4},"end":{"line":53,"column":null}},{"start":{"line":51,"column":11},"end":{"line":53,"column":null}}]},"2":{"loc":{"start":{"line":60,"column":4},"end":{"line":72,"column":null}},"type":"if","locations":[{"start":{"line":60,"column":4},"end":{"line":72,"column":null}},{"start":{"line":70,"column":11},"end":{"line":72,"column":null}}]},"3":{"loc":{"start":{"line":61,"column":6},"end":{"line":67,"column":50}},"type":"binary-expr","locations":[{"start":{"line":61,"column":6},"end":{"line":61,"column":11}},{"start":{"line":62,"column":6},"end":{"line":62,"column":11}},{"start":{"line":63,"column":6},"end":{"line":63,"column":21}},{"start":{"line":64,"column":6},"end":{"line":64,"column":11}},{"start":{"line":65,"column":6},"end":{"line":65,"column":22}},{"start":{"line":66,"column":6},"end":{"line":66,"column":29}},{"start":{"line":67,"column":7},"end":{"line":67,"column":22}},{"start":{"line":67,"column":26},"end":{"line":67,"column":49}}]},"4":{"loc":{"start":{"line":170,"column":9},"end":{"line":210,"column":null}},"type":"cond-expr","locations":[{"start":{"line":171,"column":10},"end":{"line":204,"column":null}},{"start":{"line":207,"column":10},"end":{"line":209,"column":null}}]},"5":{"loc":{"start":{"line":181,"column":19},"end":{"line":190,"column":null}},"type":"binary-expr","locations":[{"start":{"line":181,"column":19},"end":{"line":181,"column":34}},{"start":{"line":182,"column":20},"end":{"line":189,"column":null}}]},"6":{"loc":{"start":{"line":185,"column":25},"end":{"line":188,"column":30}},"type":"cond-expr","locations":[{"start":{"line":186,"column":28},"end":{"line":187,"column":43}},{"start":{"line":188,"column":28},"end":{"line":188,"column":30}}]},"7":{"loc":{"start":{"line":192,"column":19},"end":{"line":200,"column":null}},"type":"binary-expr","locations":[{"start":{"line":192,"column":19},"end":{"line":192,"column":28}},{"start":{"line":193,"column":20},"end":{"line":199,"column":null}}]}},"s":{"0":1,"1":1,"2":15,"3":15,"4":15,"5":15,"6":15,"7":15,"8":15,"9":15,"10":15,"11":9,"12":0,"13":0,"14":15,"15":1,"16":15,"17":1,"18":15,"19":1,"20":15,"21":1,"22":1,"23":0,"24":15,"25":1,"26":1,"27":1,"28":1,"29":0,"30":0,"31":15,"32":0,"33":15,"34":1,"35":1,"36":1,"37":0,"38":1,"39":1,"40":1,"41":1,"42":1,"43":1,"44":1,"45":15,"46":0,"47":1,"48":0,"49":1},"f":{"0":15,"1":9,"2":0,"3":0,"4":1,"5":1,"6":1,"7":1,"8":1,"9":0,"10":0,"11":1,"12":0,"13":1,"14":0},"b":{"0":[1,0],"1":[1,0],"2":[1,0],"3":[1,0,0,0,0,0,0,0],"4":[1,14],"5":[1,0],"6":[0,0],"7":[1,0]}}
,"D:\\rsReact\\reactForm\\src\\Components\\SearchBar.tsx": {"path":"D:\\rsReact\\reactForm\\src\\Components\\SearchBar.tsx","statementMap":{"0":{"start":{"line":1,"column":0},"end":{"line":1,"column":40}},"1":{"start":{"line":2,"column":0},"end":{"line":2,"column":46}},"2":{"start":{"line":3,"column":0},"end":{"line":3,"column":26}},"3":{"start":{"line":21,"column":28},"end":{"line":55,"column":1}},"4":{"start":{"line":22,"column":30},"end":{"line":22,"column":42}},"5":{"start":{"line":23,"column":34},"end":{"line":23,"column":54}},"6":{"start":{"line":26,"column":4},"end":{"line":33,"column":null}},"7":{"start":{"line":27,"column":6},"end":{"line":32,"column":42}},"8":{"start":{"line":31,"column":23},"end":{"line":31,"column":50}},"9":{"start":{"line":32,"column":24},"end":{"line":32,"column":40}},"10":{"start":{"line":36,"column":2},"end":{"line":54,"column":4}},"11":{"start":{"line":44,"column":29},"end":{"line":44,"column":54}},"12":{"start":{"line":57,"column":0},"end":{"line":57,"column":25}}},"fnMap":{"0":{"name":"(anonymous_0)","decl":{"start":{"line":21,"column":28},"end":{"line":21,"column":31}},"loc":{"start":{"line":21,"column":33},"end":{"line":55,"column":1}}},"1":{"name":"searchBook","decl":{"start":{"line":25,"column":11},"end":{"line":25,"column":21}},"loc":{"start":{"line":25,"column":66},"end":{"line":34,"column":3}}},"2":{"name":"(anonymous_2)","decl":{"start":{"line":31,"column":14},"end":{"line":31,"column":15}},"loc":{"start":{"line":31,"column":23},"end":{"line":31,"column":50}}},"3":{"name":"(anonymous_3)","decl":{"start":{"line":32,"column":15},"end":{"line":32,"column":16}},"loc":{"start":{"line":32,"column":24},"end":{"line":32,"column":40}}},"4":{"name":"(anonymous_4)","decl":{"start":{"line":44,"column":22},"end":{"line":44,"column":23}},"loc":{"start":{"line":44,"column":29},"end":{"line":44,"column":54}}}},"branchMap":{"0":{"loc":{"start":{"line":26,"column":4},"end":{"line":33,"column":null}},"type":"if","locations":[{"start":{"line":26,"column":4},"end":{"line":33,"column":null}}]}},"s":{"0":1,"1":1,"2":1,"3":1,"4":6,"5":6,"6":1,"7":1,"8":1,"9":0,"10":6,"11":2,"12":1},"f":{"0":6,"1":1,"2":1,"3":0,"4":2},"b":{"0":[1]}}
}
