TN:
SF:src\Components\BookCard.tsx
FN:21,(anonymous_0)
FN:25,(anonymous_1)
FN:29,(anonymous_2)
FN:45,(anonymous_3)
FNF:4
FNH:4
FNDA:14,(anonymous_0)
FNDA:6,(anonymous_1)
FNDA:4,(anonymous_2)
FNDA:4,(anonymous_3)
DA:1,2
DA:21,2
DA:22,14
DA:23,14
DA:25,14
DA:26,6
DA:27,6
DA:29,6
DA:30,4
DA:31,4
DA:33,4
DA:34,4
DA:35,4
DA:39,6
DA:40,6
DA:43,14
DA:46,4
DA:58,2
LF:18
LH:18
BRDA:33,0,0,4
BRDA:33,1,0,4
BRDA:33,1,1,4
BRDA:50,2,0,4
BRDA:50,2,1,4
BRF:5
BRH:5
end_of_record
TN:
SF:src\Components\Forms.tsx
FN:5,Forms
FN:22,(anonymous_1)
FN:25,(anonymous_2)
FN:28,(anonymous_3)
FN:30,(anonymous_4)
FN:33,(anonymous_5)
FN:36,(anonymous_6)
FN:39,(anonymous_7)
FN:46,(anonymous_8)
FN:52,(anonymous_9)
FN:55,(anonymous_10)
FN:58,(anonymous_11)
FN:138,(anonymous_12)
FN:173,(anonymous_13)
FN:186,(anonymous_14)
FNF:15
FNH:9
FNDA:15,Forms
FNDA:9,(anonymous_1)
FNDA:0,(anonymous_2)
FNDA:0,(anonymous_3)
FNDA:1,(anonymous_4)
FNDA:1,(anonymous_5)
FNDA:1,(anonymous_6)
FNDA:1,(anonymous_7)
FNDA:1,(anonymous_8)
FNDA:0,(anonymous_9)
FNDA:0,(anonymous_10)
FNDA:1,(anonymous_11)
FNDA:0,(anonymous_12)
FNDA:1,(anonymous_13)
FNDA:0,(anonymous_14)
DA:1,1
DA:2,1
DA:6,15
DA:7,15
DA:8,15
DA:9,15
DA:10,15
DA:11,15
DA:20,15
DA:21,15
DA:22,15
DA:23,9
DA:26,0
DA:28,0
DA:30,15
DA:31,1
DA:33,15
DA:34,1
DA:36,15
DA:37,1
DA:39,15
DA:40,1
DA:41,1
DA:43,0
DA:46,15
DA:47,1
DA:48,1
DA:49,1
DA:50,1
DA:52,0
DA:55,15
DA:56,0
DA:58,15
DA:59,1
DA:60,1
DA:69,1
DA:71,0
DA:73,1
DA:80,1
DA:81,1
DA:82,1
DA:83,1
DA:84,1
DA:85,1
DA:88,15
DA:139,0
DA:174,1
DA:186,0
DA:216,1
LF:49
LH:41
BRDA:40,0,0,1
BRDA:40,0,1,0
BRDA:49,1,0,1
BRDA:49,1,1,0
BRDA:60,2,0,1
BRDA:60,2,1,0
BRDA:61,3,0,1
BRDA:61,3,1,0
BRDA:61,3,2,0
BRDA:61,3,3,0
BRDA:61,3,4,0
BRDA:61,3,5,0
BRDA:61,3,6,0
BRDA:61,3,7,0
BRDA:170,4,0,1
BRDA:170,4,1,14
BRDA:181,5,0,1
BRDA:181,5,1,0
BRDA:185,6,0,0
BRDA:185,6,1,0
BRDA:192,7,0,1
BRDA:192,7,1,0
BRF:22
BRH:8
end_of_record
TN:
SF:src\Components\SearchBar.tsx
FN:21,(anonymous_0)
FN:25,searchBook
FN:31,(anonymous_2)
FN:32,(anonymous_3)
FN:44,(anonymous_4)
FNF:5
FNH:4
FNDA:6,(anonymous_0)
FNDA:1,searchBook
FNDA:1,(anonymous_2)
FNDA:0,(anonymous_3)
FNDA:2,(anonymous_4)
DA:1,1
DA:2,1
DA:3,1
DA:21,1
DA:22,6
DA:23,6
DA:26,1
DA:27,1
DA:31,1
DA:32,0
DA:36,6
DA:44,2
DA:57,1
LF:13
LH:12
BRDA:26,0,0,1
BRF:1
BRH:1
end_of_record
