TN:
SF:src\Components\BookCard.tsx
FN:22,(anonymous_0)
FN:26,(anonymous_1)
FN:30,(anonymous_2)
FN:46,(anonymous_3)
FNF:4
FNH:4
FNDA:14,(anonymous_0)
FNDA:6,(anonymous_1)
FNDA:4,(anonymous_2)
FNDA:4,(anonymous_3)
DA:1,2
DA:22,2
DA:23,14
DA:24,14
DA:26,14
DA:27,6
DA:28,6
DA:30,6
DA:31,4
DA:32,4
DA:34,4
DA:35,4
DA:36,4
DA:40,6
DA:41,6
DA:44,14
DA:47,4
DA:59,2
LF:18
LH:18
BRDA:34,0,0,4
BRDA:34,1,0,4
BRDA:34,1,1,4
BRDA:51,2,0,4
BRDA:51,2,1,4
BRF:5
BRH:5
end_of_record
TN:
SF:src\Components\Forms.tsx
FN:5,Forms
FN:20,(anonymous_1)
FN:23,(anonymous_2)
FN:26,(anonymous_3)
FN:28,(anonymous_4)
FN:31,(anonymous_5)
FN:34,(anonymous_6)
FN:37,(anonymous_7)
FN:44,(anonymous_8)
FN:50,(anonymous_9)
FN:53,(anonymous_10)
FN:56,(anonymous_11)
FN:140,(anonymous_12)
FN:175,(anonymous_13)
FN:186,(anonymous_14)
FNF:15
FNH:9
FNDA:15,Forms
FNDA:9,(anonymous_1)
FNDA:0,(anonymous_2)
FNDA:0,(anonymous_3)
FNDA:1,(anonymous_4)
FNDA:1,(anonymous_5)
FNDA:1,(anonymous_6)
FNDA:1,(anonymous_7)
FNDA:1,(anonymous_8)
FNDA:0,(anonymous_9)
FNDA:0,(anonymous_10)
FNDA:1,(anonymous_11)
FNDA:0,(anonymous_12)
FNDA:1,(anonymous_13)
FNDA:0,(anonymous_14)
DA:1,1
DA:2,1
DA:6,15
DA:7,15
DA:8,15
DA:9,15
DA:10,15
DA:11,15
DA:18,15
DA:19,15
DA:20,15
DA:21,9
DA:24,0
DA:26,0
DA:28,15
DA:29,1
DA:31,15
DA:32,1
DA:34,15
DA:35,1
DA:37,15
DA:38,1
DA:39,1
DA:41,0
DA:44,15
DA:45,1
DA:46,1
DA:47,1
DA:48,1
DA:50,0
DA:53,15
DA:54,0
DA:56,15
DA:57,1
DA:58,1
DA:67,1
DA:69,0
DA:71,1
DA:78,1
DA:79,1
DA:80,1
DA:81,1
DA:82,1
DA:83,1
DA:86,15
DA:141,0
DA:176,1
DA:186,0
DA:214,1
LF:49
LH:41
BRDA:38,0,0,1
BRDA:38,0,1,0
BRDA:47,1,0,1
BRDA:47,1,1,0
BRDA:58,2,0,1
BRDA:58,2,1,0
BRDA:59,3,0,1
BRDA:59,3,1,0
BRDA:59,3,2,0
BRDA:59,3,3,0
BRDA:59,3,4,0
BRDA:59,3,5,0
BRDA:59,3,6,0
BRDA:59,3,7,0
BRDA:172,4,0,1
BRDA:172,4,1,14
BRDA:183,5,0,1
BRDA:183,5,1,0
BRDA:186,6,0,0
BRDA:186,6,1,0
BRDA:190,7,0,1
BRDA:190,7,1,0
BRF:22
BRH:8
end_of_record
TN:
SF:src\Components\SearchBar.tsx
FN:22,(anonymous_0)
FN:26,searchBook
FN:32,(anonymous_2)
FN:33,(anonymous_3)
FN:45,(anonymous_4)
FNF:5
FNH:4
FNDA:6,(anonymous_0)
FNDA:1,searchBook
FNDA:1,(anonymous_2)
FNDA:0,(anonymous_3)
FNDA:2,(anonymous_4)
DA:1,1
DA:2,1
DA:3,1
DA:22,1
DA:23,6
DA:24,6
DA:27,1
DA:28,1
DA:32,1
DA:33,0
DA:37,6
DA:45,2
DA:58,1
LF:13
LH:12
BRDA:27,0,0,1
BRF:1
BRH:1
end_of_record
